Arguments: 
  /Users/tianhe.du/.nvm/versions/node/v16.17.1/bin/node /Users/tianhe.du/.nvm/versions/node/v16.17.1/bin/yarn add -S postcss-pxtorem amfe-flexible

PATH: 
  /Users/tianhe.du/.rbenv/shims:/Users/tianhe.du/.rbenv/shims:/Users/tianhe.du/.rbenv/shims:/Users/tianhe.du/.rbenv/bin:/Users/tianhe.du/.nvm/versions/node/v16.17.1/bin:/opt/homebrew/bin:/opt/homebrew/sbin:/usr/local/bin:/usr/bin:/bin:/usr/sbin:/sbin:/Applications/VMware Fusion.app/Contents/Public:/Library/Apple/usr/bin:/Users/tianhe.du/Documents/MyWork/MYCode/rp-react-ts-mobile-cli/node_modules/.bin:/Users/tianhe.du/.rvm/bin

Yarn version: 
  1.22.19

Node version: 
  16.17.1

Platform: 
  darwin x64

Trace: 
  Error: https://registry.npmmirror.com/generate-deployment-config-webpack-plugin-by-react: ETIMEDOUT
      at Timeout._onTimeout (/Users/tianhe.du/.nvm/versions/node/v16.17.1/lib/node_modules/yarn/lib/cli.js:141550:19)
      at listOnTimeout (node:internal/timers:559:17)
      at processTimers (node:internal/timers:502:7)

npm manifest: 
  {
    "name": "rp-react-ts-mobile-cli",
    "version": "1.0.0",
    "description": "如易行React ts版本 移动端脚手架",
    "private": true,
    "dependencies": {
      "@reduxjs/toolkit": "^1.9.7",
      "@testing-library/jest-dom": "^6.1.4",
      "@testing-library/react": "^14.1.0",
      "@testing-library/user-event": "^14.5.1",
      "@types/react-loadable": "^5.5.11",
      "axios": "^1.6.1",
      "eslint-plugin-prettier": "^5.0.1",
      "moment": "^2.29.4",
      "react": "^18.2.0",
      "react-dom": "^18.2.0",
      "react-loadable": "^5.5.0",
      "react-redux": "^8.1.3",
      "react-router-dom": "^6.18.0",
      "react-scripts": "5.0.1",
      "redux-persist": "^6.0.0",
      "redux-thunk": "^2.4.2",
      "sass": "^1.69.5",
      "sass-loader": "^13.3.2"
    },
    "scripts": {
      "start": "craco start",
      "build:debug": "cross-env REACT_APP_ENV=debug craco build --mode debug",
      "build:test": "cross-env REACT_APP_ENV=test craco build --mode test",
      "build:release": "cross-env REACT_APP_ENV=release craco build --mode release",
      "test": "react-scripts test",
      "eject": "react-scripts eject",
      "lint": "eslint --cache .",
      "format": "prettier --check ."
    },
    "eslintConfig": {
      "extends": "react-app"
    },
    "browserslist": [
      "defaults",
      "not IE 11"
    ],
    "devDependencies": {
      "@craco/craco": "^7.1.0",
      "@types/jest": "^29.5.5",
      "@types/node": "^20.6.2",
      "@types/react": "^18.2.21",
      "@types/react-dom": "^18.2.7",
      "@types/react-redux": "^7.1.26",
      "cross-env": "^7.0.3",
      "generate-deployment-config-webpack-plugin-by-react": "^1.0.0",
      "typescript": "^5.2.2",
      "vconsole-webpack-plugin": "^1.8.0"
    },
    "homepage": ".",
    "postcss": {
      "plugins": {
        "autoprefixer": {}
      }
    }
  }

yarn manifest: 
  No manifest

Lockfile: 
  No lockfile
